[2020-03-30 12:42:33] local.ERROR: SQLSTATE[42S01]: Base table or view already exists: 1050 Table 'media' already exists (SQL: create table `media` (`id` int unsigned not null auto_increment primary key, `model_type` varchar(255) not null, `model_id` bigint unsigned not null, `collection_name` varchar(255) not null, `name` varchar(255) not null, `file_name` varchar(255) not null, `mime_type` varchar(255) null, `disk` varchar(255) not null, `size` int unsigned not null, `manipulations` json not null, `custom_properties` json not null, `responsive_images` json not null, `order_column` int unsigned null, `created_at` timestamp null, `updated_at` timestamp null) default character set utf8mb4 collate 'utf8mb4_unicode_ci') {"exception":"[object] (Illuminate\\Database\\QueryException(code: 42S01): SQLSTATE[42S01]: Base table or view already exists: 1050 Table 'media' already exists (SQL: create table `media` (`id` int unsigned not null auto_increment primary key, `model_type` varchar(255) not null, `model_id` bigint unsigned not null, `collection_name` varchar(255) not null, `name` varchar(255) not null, `file_name` varchar(255) not null, `mime_type` varchar(255) null, `disk` varchar(255) not null, `size` int unsigned not null, `manipulations` json not null, `custom_properties` json not null, `responsive_images` json not null, `order_column` int unsigned null, `created_at` timestamp null, `updated_at` timestamp null) default character set utf8mb4 collate 'utf8mb4_unicode_ci') at C:\\Users\\john\\Documents\\GitHub\\my-laravel-training\\Laravel-appointments\\vendor\\laravel\\framework\\src\\Illuminate\\Database\\Connection.php:665)
[stacktrace]
#0 C:\\Users\\john\\Documents\\GitHub\\my-laravel-training\\Laravel-appointments\\vendor\\laravel\\framework\\src\\Illuminate\\Database\\Connection.php(625): Illuminate\\Database\\Connection->runQueryCallback('create table `m...', Array, Object(Closure))
#1 C:\\Users\\john\\Documents\\GitHub\\my-laravel-training\\Laravel-appointments\\vendor\\laravel\\framework\\src\\Illuminate\\Database\\Connection.php(460): Illuminate\\Database\\Connection->run('create table `m...', Array, Object(Closure))
#2 C:\\Users\\john\\Documents\\GitHub\\my-laravel-training\\Laravel-appointments\\vendor\\laravel\\framework\\src\\Illuminate\\Database\\Schema\\Blueprint.php(97): Illuminate\\Database\\Connection->statement('create table `m...')
#3 C:\\Users\\john\\Documents\\GitHub\\my-laravel-training\\Laravel-appointments\\vendor\\laravel\\framework\\src\\Illuminate\\Database\\Schema\\Builder.php(290): Illuminate\\Database\\Schema\\Blueprint->build(Object(Illuminate\\Database\\MySqlConnection), Object(Illuminate\\Database\\Schema\\Grammars\\MySqlGrammar))
#4 C:\\Users\\john\\Documents\\GitHub\\my-laravel-training\\Laravel-appointments\\vendor\\laravel\\framework\\src\\Illuminate\\Database\\Schema\\Builder.php(167): Illuminate\\Database\\Schema\\Builder->build(Object(Illuminate\\Database\\Schema\\Blueprint))
#5 C:\\Users\\john\\Documents\\GitHub\\my-laravel-training\\Laravel-appointments\\vendor\\laravel\\framework\\src\\Illuminate\\Support\\Facades\\Facade.php(239): Illuminate\\Database\\Schema\\Builder->create('media', Object(Closure))
#6 C:\\Users\\john\\Documents\\GitHub\\my-laravel-training\\Laravel-appointments\\database\\migrations\\2019_09_19_000000_create_media_table.php(25): Illuminate\\Support\\Facades\\Facade::__callStatic('create', Array)
#7 C:\\Users\\john\\Documents\\GitHub\\my-laravel-training\\Laravel-appointments\\vendor\\laravel\\framework\\src\\Illuminate\\Database\\Migrations\\Migrator.php(387): CreateMediaTable->up()
#8 C:\\Users\\john\\Documents\\GitHub\\my-laravel-training\\Laravel-appointments\\vendor\\laravel\\framework\\src\\Illuminate\\Database\\Migrations\\Migrator.php(396): Illuminate\\Database\\Migrations\\Migrator->Illuminate\\Database\\Migrations\\{closure}()
#9 C:\\Users\\john\\Documents\\GitHub\\my-laravel-training\\Laravel-appointments\\vendor\\laravel\\framework\\src\\Illuminate\\Database\\Migrations\\Migrator.php(197): Illuminate\\Database\\Migrations\\Migrator->runMigration(Object(CreateMediaTable), 'up')
#10 C:\\Users\\john\\Documents\\GitHub\\my-laravel-training\\Laravel-appointments\\vendor\\laravel\\framework\\src\\Illuminate\\Database\\Migrations\\Migrator.php(162): Illuminate\\Database\\Migrations\\Migrator->runUp('C:\\\\Users\\\\john\\\\D...', 2, false)
#11 C:\\Users\\john\\Documents\\GitHub\\my-laravel-training\\Laravel-appointments\\vendor\\laravel\\framework\\src\\Illuminate\\Database\\Migrations\\Migrator.php(109): Illuminate\\Database\\Migrations\\Migrator->runPending(Array, Array)
#12 C:\\Users\\john\\Documents\\GitHub\\my-laravel-training\\Laravel-appointments\\vendor\\laravel\\framework\\src\\Illuminate\\Database\\Console\\Migrations\\MigrateCommand.php(71): Illuminate\\Database\\Migrations\\Migrator->run(Array, Array)
#13 [internal function]: Illuminate\\Database\\Console\\Migrations\\MigrateCommand->handle()
#14 C:\\Users\\john\\Documents\\GitHub\\my-laravel-training\\Laravel-appointments\\vendor\\laravel\\framework\\src\\Illuminate\\Container\\BoundMethod.php(32): call_user_func_array(Array, Array)
#15 C:\\Users\\john\\Documents\\GitHub\\my-laravel-training\\Laravel-appointments\\vendor\\laravel\\framework\\src\\Illuminate\\Container\\BoundMethod.php(90): Illuminate\\Container\\BoundMethod::Illuminate\\Container\\{closure}()
#16 C:\\Users\\john\\Documents\\GitHub\\my-laravel-training\\Laravel-appointments\\vendor\\laravel\\framework\\src\\Illuminate\\Container\\BoundMethod.php(34): Illuminate\\Container\\BoundMethod::callBoundMethod(Object(Illuminate\\Foundation\\Application), Array, Object(Closure))
#17 C:\\Users\\john\\Documents\\GitHub\\my-laravel-training\\Laravel-appointments\\vendor\\laravel\\framework\\src\\Illuminate\\Container\\Container.php(591): Illuminate\\Container\\BoundMethod::call(Object(Illuminate\\Foundation\\Application), Array, Array, NULL)
#18 C:\\Users\\john\\Documents\\GitHub\\my-laravel-training\\Laravel-appointments\\vendor\\laravel\\framework\\src\\Illuminate\\Console\\Command.php(192): Illuminate\\Container\\Container->call(Array)
#19 C:\\Users\\john\\Documents\\GitHub\\my-laravel-training\\Laravel-appointments\\vendor\\symfony\\console\\Command\\Command.php(255): Illuminate\\Console\\Command->execute(Object(Symfony\\Component\\Console\\Input\\ArgvInput), Object(Illuminate\\Console\\OutputStyle))
#20 C:\\Users\\john\\Documents\\GitHub\\my-laravel-training\\Laravel-appointments\\vendor\\laravel\\framework\\src\\Illuminate\\Console\\Command.php(179): Symfony\\Component\\Console\\Command\\Command->run(Object(Symfony\\Component\\Console\\Input\\ArgvInput), Object(Illuminate\\Console\\OutputStyle))
#21 C:\\Users\\john\\Documents\\GitHub\\my-laravel-training\\Laravel-appointments\\vendor\\symfony\\console\\Application.php(915): Illuminate\\Console\\Command->run(Object(Symfony\\Component\\Console\\Input\\ArgvInput), Object(Symfony\\Component\\Console\\Output\\ConsoleOutput))
#22 C:\\Users\\john\\Documents\\GitHub\\my-laravel-training\\Laravel-appointments\\vendor\\symfony\\console\\Application.php(272): Symfony\\Component\\Console\\Application->doRunCommand(Object(Illuminate\\Database\\Console\\Migrations\\MigrateCommand), Object(Symfony\\Component\\Console\\Input\\ArgvInput), Object(Symfony\\Component\\Console\\Output\\ConsoleOutput))
#23 C:\\Users\\john\\Documents\\GitHub\\my-laravel-training\\Laravel-appointments\\vendor\\symfony\\console\\Application.php(148): Symfony\\Component\\Console\\Application->doRun(Object(Symfony\\Component\\Console\\Input\\ArgvInput), Object(Symfony\\Component\\Console\\Output\\ConsoleOutput))
#24 C:\\Users\\john\\Documents\\GitHub\\my-laravel-training\\Laravel-appointments\\vendor\\laravel\\framework\\src\\Illuminate\\Console\\Application.php(90): Symfony\\Component\\Console\\Application->run(Object(Symfony\\Component\\Console\\Input\\ArgvInput), Object(Symfony\\Component\\Console\\Output\\ConsoleOutput))
#25 C:\\Users\\john\\Documents\\GitHub\\my-laravel-training\\Laravel-appointments\\vendor\\laravel\\framework\\src\\Illuminate\\Foundation\\Console\\Kernel.php(131): Illuminate\\Console\\Application->run(Object(Symfony\\Component\\Console\\Input\\ArgvInput), Object(Symfony\\Component\\Console\\Output\\ConsoleOutput))
#26 C:\\Users\\john\\Documents\\GitHub\\my-laravel-training\\Laravel-appointments\\artisan(37): Illuminate\\Foundation\\Console\\Kernel->handle(Object(Symfony\\Component\\Console\\Input\\ArgvInput), Object(Symfony\\Component\\Console\\Output\\ConsoleOutput))
#27 {main}

[previous exception] [object] (Doctrine\\DBAL\\Driver\\PDOException(code: 42S01): SQLSTATE[42S01]: Base table or view already exists: 1050 Table 'media' already exists at C:\\Users\\john\\Documents\\GitHub\\my-laravel-training\\Laravel-appointments\\vendor\\doctrine\\dbal\\lib\\Doctrine\\DBAL\\Driver\\PDOStatement.php:119)
[stacktrace]
#0 C:\\Users\\john\\Documents\\GitHub\\my-laravel-training\\Laravel-appointments\\vendor\\laravel\\framework\\src\\Illuminate\\Database\\Connection.php(459): Doctrine\\DBAL\\Driver\\PDOStatement->execute()
#1 C:\\Users\\john\\Documents\\GitHub\\my-laravel-training\\Laravel-appointments\\vendor\\laravel\\framework\\src\\Illuminate\\Database\\Connection.php(658): Illuminate\\Database\\Connection->Illuminate\\Database\\{closure}('create table `m...', Array)
#2 C:\\Users\\john\\Documents\\GitHub\\my-laravel-training\\Laravel-appointments\\vendor\\laravel\\framework\\src\\Illuminate\\Database\\Connection.php(625): Illuminate\\Database\\Connection->runQueryCallback('create table `m...', Array, Object(Closure))
#3 C:\\Users\\john\\Documents\\GitHub\\my-laravel-training\\Laravel-appointments\\vendor\\laravel\\framework\\src\\Illuminate\\Database\\Connection.php(460): Illuminate\\Database\\Connection->run('create table `m...', Array, Object(Closure))
#4 C:\\Users\\john\\Documents\\GitHub\\my-laravel-training\\Laravel-appointments\\vendor\\laravel\\framework\\src\\Illuminate\\Database\\Schema\\Blueprint.php(97): Illuminate\\Database\\Connection->statement('create table `m...')
#5 C:\\Users\\john\\Documents\\GitHub\\my-laravel-training\\Laravel-appointments\\vendor\\laravel\\framework\\src\\Illuminate\\Database\\Schema\\Builder.php(290): Illuminate\\Database\\Schema\\Blueprint->build(Object(Illuminate\\Database\\MySqlConnection), Object(Illuminate\\Database\\Schema\\Grammars\\MySqlGrammar))
#6 C:\\Users\\john\\Documents\\GitHub\\my-laravel-training\\Laravel-appointments\\vendor\\laravel\\framework\\src\\Illuminate\\Database\\Schema\\Builder.php(167): Illuminate\\Database\\Schema\\Builder->build(Object(Illuminate\\Database\\Schema\\Blueprint))
#7 C:\\Users\\john\\Documents\\GitHub\\my-laravel-training\\Laravel-appointments\\vendor\\laravel\\framework\\src\\Illuminate\\Support\\Facades\\Facade.php(239): Illuminate\\Database\\Schema\\Builder->create('media', Object(Closure))
#8 C:\\Users\\john\\Documents\\GitHub\\my-laravel-training\\Laravel-appointments\\database\\migrations\\2019_09_19_000000_create_media_table.php(25): Illuminate\\Support\\Facades\\Facade::__callStatic('create', Array)
#9 C:\\Users\\john\\Documents\\GitHub\\my-laravel-training\\Laravel-appointments\\vendor\\laravel\\framework\\src\\Illuminate\\Database\\Migrations\\Migrator.php(387): CreateMediaTable->up()
#10 C:\\Users\\john\\Documents\\GitHub\\my-laravel-training\\Laravel-appointments\\vendor\\laravel\\framework\\src\\Illuminate\\Database\\Migrations\\Migrator.php(396): Illuminate\\Database\\Migrations\\Migrator->Illuminate\\Database\\Migrations\\{closure}()
#11 C:\\Users\\john\\Documents\\GitHub\\my-laravel-training\\Laravel-appointments\\vendor\\laravel\\framework\\src\\Illuminate\\Database\\Migrations\\Migrator.php(197): Illuminate\\Database\\Migrations\\Migrator->runMigration(Object(CreateMediaTable), 'up')
#12 C:\\Users\\john\\Documents\\GitHub\\my-laravel-training\\Laravel-appointments\\vendor\\laravel\\framework\\src\\Illuminate\\Database\\Migrations\\Migrator.php(162): Illuminate\\Database\\Migrations\\Migrator->runUp('C:\\\\Users\\\\john\\\\D...', 2, false)
#13 C:\\Users\\john\\Documents\\GitHub\\my-laravel-training\\Laravel-appointments\\vendor\\laravel\\framework\\src\\Illuminate\\Database\\Migrations\\Migrator.php(109): Illuminate\\Database\\Migrations\\Migrator->runPending(Array, Array)
#14 C:\\Users\\john\\Documents\\GitHub\\my-laravel-training\\Laravel-appointments\\vendor\\laravel\\framework\\src\\Illuminate\\Database\\Console\\Migrations\\MigrateCommand.php(71): Illuminate\\Database\\Migrations\\Migrator->run(Array, Array)
#15 [internal function]: Illuminate\\Database\\Console\\Migrations\\MigrateCommand->handle()
#16 C:\\Users\\john\\Documents\\GitHub\\my-laravel-training\\Laravel-appointments\\vendor\\laravel\\framework\\src\\Illuminate\\Container\\BoundMethod.php(32): call_user_func_array(Array, Array)
#17 C:\\Users\\john\\Documents\\GitHub\\my-laravel-training\\Laravel-appointments\\vendor\\laravel\\framework\\src\\Illuminate\\Container\\BoundMethod.php(90): Illuminate\\Container\\BoundMethod::Illuminate\\Container\\{closure}()
#18 C:\\Users\\john\\Documents\\GitHub\\my-laravel-training\\Laravel-appointments\\vendor\\laravel\\framework\\src\\Illuminate\\Container\\BoundMethod.php(34): Illuminate\\Container\\BoundMethod::callBoundMethod(Object(Illuminate\\Foundation\\Application), Array, Object(Closure))
#19 C:\\Users\\john\\Documents\\GitHub\\my-laravel-training\\Laravel-appointments\\vendor\\laravel\\framework\\src\\Illuminate\\Container\\Container.php(591): Illuminate\\Container\\BoundMethod::call(Object(Illuminate\\Foundation\\Application), Array, Array, NULL)
#20 C:\\Users\\john\\Documents\\GitHub\\my-laravel-training\\Laravel-appointments\\vendor\\laravel\\framework\\src\\Illuminate\\Console\\Command.php(192): Illuminate\\Container\\Container->call(Array)
#21 C:\\Users\\john\\Documents\\GitHub\\my-laravel-training\\Laravel-appointments\\vendor\\symfony\\console\\Command\\Command.php(255): Illuminate\\Console\\Command->execute(Object(Symfony\\Component\\Console\\Input\\ArgvInput), Object(Illuminate\\Console\\OutputStyle))
#22 C:\\Users\\john\\Documents\\GitHub\\my-laravel-training\\Laravel-appointments\\vendor\\laravel\\framework\\src\\Illuminate\\Console\\Command.php(179): Symfony\\Component\\Console\\Command\\Command->run(Object(Symfony\\Component\\Console\\Input\\ArgvInput), Object(Illuminate\\Console\\OutputStyle))
#23 C:\\Users\\john\\Documents\\GitHub\\my-laravel-training\\Laravel-appointments\\vendor\\symfony\\console\\Application.php(915): Illuminate\\Console\\Command->run(Object(Symfony\\Component\\Console\\Input\\ArgvInput), Object(Symfony\\Component\\Console\\Output\\ConsoleOutput))
#24 C:\\Users\\john\\Documents\\GitHub\\my-laravel-training\\Laravel-appointments\\vendor\\symfony\\console\\Application.php(272): Symfony\\Component\\Console\\Application->doRunCommand(Object(Illuminate\\Database\\Console\\Migrations\\MigrateCommand), Object(Symfony\\Component\\Console\\Input\\ArgvInput), Object(Symfony\\Component\\Console\\Output\\ConsoleOutput))
#25 C:\\Users\\john\\Documents\\GitHub\\my-laravel-training\\Laravel-appointments\\vendor\\symfony\\console\\Application.php(148): Symfony\\Component\\Console\\Application->doRun(Object(Symfony\\Component\\Console\\Input\\ArgvInput), Object(Symfony\\Component\\Console\\Output\\ConsoleOutput))
#26 C:\\Users\\john\\Documents\\GitHub\\my-laravel-training\\Laravel-appointments\\vendor\\laravel\\framework\\src\\Illuminate\\Console\\Application.php(90): Symfony\\Component\\Console\\Application->run(Object(Symfony\\Component\\Console\\Input\\ArgvInput), Object(Symfony\\Component\\Console\\Output\\ConsoleOutput))
#27 C:\\Users\\john\\Documents\\GitHub\\my-laravel-training\\Laravel-appointments\\vendor\\laravel\\framework\\src\\Illuminate\\Foundation\\Console\\Kernel.php(131): Illuminate\\Console\\Application->run(Object(Symfony\\Component\\Console\\Input\\ArgvInput), Object(Symfony\\Component\\Console\\Output\\ConsoleOutput))
#28 C:\\Users\\john\\Documents\\GitHub\\my-laravel-training\\Laravel-appointments\\artisan(37): Illuminate\\Foundation\\Console\\Kernel->handle(Object(Symfony\\Component\\Console\\Input\\ArgvInput), Object(Symfony\\Component\\Console\\Output\\ConsoleOutput))
#29 {main}

[previous exception] [object] (PDOException(code: 42S01): SQLSTATE[42S01]: Base table or view already exists: 1050 Table 'media' already exists at C:\\Users\\john\\Documents\\GitHub\\my-laravel-training\\Laravel-appointments\\vendor\\doctrine\\dbal\\lib\\Doctrine\\DBAL\\Driver\\PDOStatement.php:117)
[stacktrace]
#0 C:\\Users\\john\\Documents\\GitHub\\my-laravel-training\\Laravel-appointments\\vendor\\doctrine\\dbal\\lib\\Doctrine\\DBAL\\Driver\\PDOStatement.php(117): PDOStatement->execute(NULL)
#1 C:\\Users\\john\\Documents\\GitHub\\my-laravel-training\\Laravel-appointments\\vendor\\laravel\\framework\\src\\Illuminate\\Database\\Connection.php(459): Doctrine\\DBAL\\Driver\\PDOStatement->execute()
#2 C:\\Users\\john\\Documents\\GitHub\\my-laravel-training\\Laravel-appointments\\vendor\\laravel\\framework\\src\\Illuminate\\Database\\Connection.php(658): Illuminate\\Database\\Connection->Illuminate\\Database\\{closure}('create table `m...', Array)
#3 C:\\Users\\john\\Documents\\GitHub\\my-laravel-training\\Laravel-appointments\\vendor\\laravel\\framework\\src\\Illuminate\\Database\\Connection.php(625): Illuminate\\Database\\Connection->runQueryCallback('create table `m...', Array, Object(Closure))
#4 C:\\Users\\john\\Documents\\GitHub\\my-laravel-training\\Laravel-appointments\\vendor\\laravel\\framework\\src\\Illuminate\\Database\\Connection.php(460): Illuminate\\Database\\Connection->run('create table `m...', Array, Object(Closure))
#5 C:\\Users\\john\\Documents\\GitHub\\my-laravel-training\\Laravel-appointments\\vendor\\laravel\\framework\\src\\Illuminate\\Database\\Schema\\Blueprint.php(97): Illuminate\\Database\\Connection->statement('create table `m...')
#6 C:\\Users\\john\\Documents\\GitHub\\my-laravel-training\\Laravel-appointments\\vendor\\laravel\\framework\\src\\Illuminate\\Database\\Schema\\Builder.php(290): Illuminate\\Database\\Schema\\Blueprint->build(Object(Illuminate\\Database\\MySqlConnection), Object(Illuminate\\Database\\Schema\\Grammars\\MySqlGrammar))
#7 C:\\Users\\john\\Documents\\GitHub\\my-laravel-training\\Laravel-appointments\\vendor\\laravel\\framework\\src\\Illuminate\\Database\\Schema\\Builder.php(167): Illuminate\\Database\\Schema\\Builder->build(Object(Illuminate\\Database\\Schema\\Blueprint))
#8 C:\\Users\\john\\Documents\\GitHub\\my-laravel-training\\Laravel-appointments\\vendor\\laravel\\framework\\src\\Illuminate\\Support\\Facades\\Facade.php(239): Illuminate\\Database\\Schema\\Builder->create('media', Object(Closure))
#9 C:\\Users\\john\\Documents\\GitHub\\my-laravel-training\\Laravel-appointments\\database\\migrations\\2019_09_19_000000_create_media_table.php(25): Illuminate\\Support\\Facades\\Facade::__callStatic('create', Array)
#10 C:\\Users\\john\\Documents\\GitHub\\my-laravel-training\\Laravel-appointments\\vendor\\laravel\\framework\\src\\Illuminate\\Database\\Migrations\\Migrator.php(387): CreateMediaTable->up()
#11 C:\\Users\\john\\Documents\\GitHub\\my-laravel-training\\Laravel-appointments\\vendor\\laravel\\framework\\src\\Illuminate\\Database\\Migrations\\Migrator.php(396): Illuminate\\Database\\Migrations\\Migrator->Illuminate\\Database\\Migrations\\{closure}()
#12 C:\\Users\\john\\Documents\\GitHub\\my-laravel-training\\Laravel-appointments\\vendor\\laravel\\framework\\src\\Illuminate\\Database\\Migrations\\Migrator.php(197): Illuminate\\Database\\Migrations\\Migrator->runMigration(Object(CreateMediaTable), 'up')
#13 C:\\Users\\john\\Documents\\GitHub\\my-laravel-training\\Laravel-appointments\\vendor\\laravel\\framework\\src\\Illuminate\\Database\\Migrations\\Migrator.php(162): Illuminate\\Database\\Migrations\\Migrator->runUp('C:\\\\Users\\\\john\\\\D...', 2, false)
#14 C:\\Users\\john\\Documents\\GitHub\\my-laravel-training\\Laravel-appointments\\vendor\\laravel\\framework\\src\\Illuminate\\Database\\Migrations\\Migrator.php(109): Illuminate\\Database\\Migrations\\Migrator->runPending(Array, Array)
#15 C:\\Users\\john\\Documents\\GitHub\\my-laravel-training\\Laravel-appointments\\vendor\\laravel\\framework\\src\\Illuminate\\Database\\Console\\Migrations\\MigrateCommand.php(71): Illuminate\\Database\\Migrations\\Migrator->run(Array, Array)
#16 [internal function]: Illuminate\\Database\\Console\\Migrations\\MigrateCommand->handle()
#17 C:\\Users\\john\\Documents\\GitHub\\my-laravel-training\\Laravel-appointments\\vendor\\laravel\\framework\\src\\Illuminate\\Container\\BoundMethod.php(32): call_user_func_array(Array, Array)
#18 C:\\Users\\john\\Documents\\GitHub\\my-laravel-training\\Laravel-appointments\\vendor\\laravel\\framework\\src\\Illuminate\\Container\\BoundMethod.php(90): Illuminate\\Container\\BoundMethod::Illuminate\\Container\\{closure}()
#19 C:\\Users\\john\\Documents\\GitHub\\my-laravel-training\\Laravel-appointments\\vendor\\laravel\\framework\\src\\Illuminate\\Container\\BoundMethod.php(34): Illuminate\\Container\\BoundMethod::callBoundMethod(Object(Illuminate\\Foundation\\Application), Array, Object(Closure))
#20 C:\\Users\\john\\Documents\\GitHub\\my-laravel-training\\Laravel-appointments\\vendor\\laravel\\framework\\src\\Illuminate\\Container\\Container.php(591): Illuminate\\Container\\BoundMethod::call(Object(Illuminate\\Foundation\\Application), Array, Array, NULL)
#21 C:\\Users\\john\\Documents\\GitHub\\my-laravel-training\\Laravel-appointments\\vendor\\laravel\\framework\\src\\Illuminate\\Console\\Command.php(192): Illuminate\\Container\\Container->call(Array)
#22 C:\\Users\\john\\Documents\\GitHub\\my-laravel-training\\Laravel-appointments\\vendor\\symfony\\console\\Command\\Command.php(255): Illuminate\\Console\\Command->execute(Object(Symfony\\Component\\Console\\Input\\ArgvInput), Object(Illuminate\\Console\\OutputStyle))
#23 C:\\Users\\john\\Documents\\GitHub\\my-laravel-training\\Laravel-appointments\\vendor\\laravel\\framework\\src\\Illuminate\\Console\\Command.php(179): Symfony\\Component\\Console\\Command\\Command->run(Object(Symfony\\Component\\Console\\Input\\ArgvInput), Object(Illuminate\\Console\\OutputStyle))
#24 C:\\Users\\john\\Documents\\GitHub\\my-laravel-training\\Laravel-appointments\\vendor\\symfony\\console\\Application.php(915): Illuminate\\Console\\Command->run(Object(Symfony\\Component\\Console\\Input\\ArgvInput), Object(Symfony\\Component\\Console\\Output\\ConsoleOutput))
#25 C:\\Users\\john\\Documents\\GitHub\\my-laravel-training\\Laravel-appointments\\vendor\\symfony\\console\\Application.php(272): Symfony\\Component\\Console\\Application->doRunCommand(Object(Illuminate\\Database\\Console\\Migrations\\MigrateCommand), Object(Symfony\\Component\\Console\\Input\\ArgvInput), Object(Symfony\\Component\\Console\\Output\\ConsoleOutput))
#26 C:\\Users\\john\\Documents\\GitHub\\my-laravel-training\\Laravel-appointments\\vendor\\symfony\\console\\Application.php(148): Symfony\\Component\\Console\\Application->doRun(Object(Symfony\\Component\\Console\\Input\\ArgvInput), Object(Symfony\\Component\\Console\\Output\\ConsoleOutput))
#27 C:\\Users\\john\\Documents\\GitHub\\my-laravel-training\\Laravel-appointments\\vendor\\laravel\\framework\\src\\Illuminate\\Console\\Application.php(90): Symfony\\Component\\Console\\Application->run(Object(Symfony\\Component\\Console\\Input\\ArgvInput), Object(Symfony\\Component\\Console\\Output\\ConsoleOutput))
#28 C:\\Users\\john\\Documents\\GitHub\\my-laravel-training\\Laravel-appointments\\vendor\\laravel\\framework\\src\\Illuminate\\Foundation\\Console\\Kernel.php(131): Illuminate\\Console\\Application->run(Object(Symfony\\Component\\Console\\Input\\ArgvInput), Object(Symfony\\Component\\Console\\Output\\ConsoleOutput))
#29 C:\\Users\\john\\Documents\\GitHub\\my-laravel-training\\Laravel-appointments\\artisan(37): Illuminate\\Foundation\\Console\\Kernel->handle(Object(Symfony\\Component\\Console\\Input\\ArgvInput), Object(Symfony\\Component\\Console\\Output\\ConsoleOutput))
#30 {main}
"} 
